<?xml version="1.0" encoding="utf-8"?><testsuites><testsuite name="pytest" errors="0" failures="0" skipped="0" tests="7" time="1.180" timestamp="2024-08-01T14:01:27.577277" hostname="MH9CF0V4R4"><testcase classname="test.model_manager.test_model_manager" name="test_get_sql_jinja" time="0.011" /><testcase classname="test.services.test_process" name="test_get_preview" time="0.017" /><testcase classname="test.services.test_process" name="test_compare_types" time="0.001" /><testcase classname="test.services.test_process" name="test_source_validation" time="0.013" /><testcase classname="test.services.test_process" name="test_replace_placeholder_db_schema" time="0.001" /><testcase classname="test.services.test_process" name="test_check_source" time="0.001" /><testcase classname="test.services.test_process" name="test_create_model_data" time="0.001" /></testsuite></testsuites>